\BOOKMARK [0][-]{section*.2}{HALAMAN JUDUL}{}% 1
\BOOKMARK [0][-]{section*.4}{LEMBAR PERSETUJUAN}{}% 2
\BOOKMARK [0][-]{section*.5}{LEMBAR PERNYATAAN ORISINALITAS}{}% 3
\BOOKMARK [0][-]{section*.6}{LEMBAR PENGESAHAN}{}% 4
\BOOKMARK [0][-]{section*.7}{Kata Pengantar}{}% 5
\BOOKMARK [0][-]{section*.10}{LEMBAR PERSETUJUAN PUBLIKASI ILMIAH}{}% 6
\BOOKMARK [0][-]{section*.11}{ABSTRAK}{}% 7
\BOOKMARK [0][-]{section*.11}{Daftar Isi}{}% 8
\BOOKMARK [0][-]{section*.11}{Daftar Gambar}{}% 9
\BOOKMARK [0][-]{section*.11}{Daftar Tabel}{}% 10
\BOOKMARK [0][-]{chapter.1}{1 Pendahuluan}{}% 11
\BOOKMARK [1][-]{section.1.1}{1.1 Latar Belakang}{chapter.1}% 12
\BOOKMARK [1][-]{section.1.2}{1.2 Rumusan Masalah}{chapter.1}% 13
\BOOKMARK [1][-]{section.1.3}{1.3 Ruang Lingkup Pengerjaan}{chapter.1}% 14
\BOOKMARK [1][-]{section.1.4}{1.4 Tujuan}{chapter.1}% 15
\BOOKMARK [1][-]{section.1.5}{1.5 Tahapan Pengerjaan}{chapter.1}% 16
\BOOKMARK [1][-]{section.1.6}{1.6 Sistematika Penulisan Laporan}{chapter.1}% 17
\BOOKMARK [0][-]{chapter.2}{2 Landasan Teori}{}% 18
\BOOKMARK [1][-]{section.2.1}{2.1 Internet of Things}{chapter.2}% 19
\BOOKMARK [1][-]{section.2.2}{2.2 Social internet of things}{chapter.2}% 20
\BOOKMARK [1][-]{section.2.3}{2.3 ZigBee}{chapter.2}% 21
\BOOKMARK [1][-]{section.2.4}{2.4 Gateway}{chapter.2}% 22
\BOOKMARK [2][-]{subsection.2.4.1}{2.4.1 ZigBee Gateway}{section.2.4}% 23
\BOOKMARK [1][-]{section.2.5}{2.5 MQTT}{chapter.2}% 24
\BOOKMARK [2][-]{subsection.2.5.1}{2.5.1 Sistem Publish-Subscribe}{section.2.5}% 25
\BOOKMARK [2][-]{subsection.2.5.2}{2.5.2 Topik dalam MQTT}{section.2.5}% 26
\BOOKMARK [0][-]{chapter.3}{3 Rancangan Implementasi}{}% 27
\BOOKMARK [1][-]{section.3.1}{3.1 Satu Persamaan}{chapter.3}% 28
\BOOKMARK [1][-]{section.3.2}{3.2 Lebih dari Satu Persamaan}{chapter.3}% 29
\BOOKMARK [0][-]{chapter.4}{4 Implementasi}{}% 30
\BOOKMARK [1][-]{section.4.1}{4.1 thesis.tex}{chapter.4}% 31
\BOOKMARK [1][-]{section.4.2}{4.2 laporan\137setting.tex}{chapter.4}% 32
\BOOKMARK [1][-]{section.4.3}{4.3 istilah.tex}{chapter.4}% 33
\BOOKMARK [1][-]{section.4.4}{4.4 hype.indonesia.tex}{chapter.4}% 34
\BOOKMARK [1][-]{section.4.5}{4.5 pustaka.tex}{chapter.4}% 35
\BOOKMARK [1][-]{section.4.6}{4.6 bab[1 - 6].tex}{chapter.4}% 36
\BOOKMARK [0][-]{chapter.5}{5 Pengujian}{}% 37
\BOOKMARK [1][-]{section.5.1}{5.1 Mengubah Tampilan Teks}{chapter.5}% 38
\BOOKMARK [1][-]{section.5.2}{5.2 Memberikan Catatan}{chapter.5}% 39
\BOOKMARK [1][-]{section.5.3}{5.3 Menambah Isi Daftar Isi}{chapter.5}% 40
\BOOKMARK [1][-]{section.5.4}{5.4 Memasukan PDF}{chapter.5}% 41
\BOOKMARK [1][-]{section.5.5}{5.5 Membuat Perintah Baru}{chapter.5}% 42
\BOOKMARK [0][-]{chapter.6}{6 ??}{}% 43
\BOOKMARK [0][-]{chapter.7}{7 Kesimpulan dan Saran}{}% 44
\BOOKMARK [1][-]{section.7.1}{7.1 Kesimpulan}{chapter.7}% 45
\BOOKMARK [1][-]{section.7.2}{7.2 Saran}{chapter.7}% 46
\BOOKMARK [0][-]{section*.16}{LAMPIRAN}{}% 47
\BOOKMARK [0][-]{section*.17}{Lampiran 1}{}% 48
