This is pdfTeX, Version 3.1415926-2.5-1.40.14 (MiKTeX 2.9) (preloaded format=pdflatex 2015.3.10)  20 MAY 2015 17:15
entering extended mode
**thesis.tex
("D:\backup\Kuliah\Semester 8\TA\tugasAkhir\thesis.tex"
LaTeX2e <2011/06/27>
Babel <v3.8m> and hyphenation patterns for english, afrikaans, ancientgreek, ar
abic, armenian, assamese, basque, bengali, bokmal, bulgarian, catalan, coptic, 
croatian, czech, danish, dutch, esperanto, estonian, farsi, finnish, french, ga
lician, german, german-x-2013-05-26, greek, gujarati, hindi, hungarian, iceland
ic, indonesian, interlingua, irish, italian, kannada, kurmanji, latin, latvian,
 lithuanian, malayalam, marathi, mongolian, mongolianlmc, monogreek, ngerman, n
german-x-2013-05-26, nynorsk, oriya, panjabi, pinyin, polish, portuguese, roman
ian, russian, sanskrit, serbian, slovak, slovenian, spanish, swedish, swissgerm
an, tamil, telugu, turkish, turkmen, ukenglish, ukrainian, uppersorbian, usengl
ishmax, welsh, loaded.
("C:\Program Files (x86)\MiKTeX 2.9\tex\latex\base\report.cls"
Document Class: report 2007/10/19 v1.4h Standard LaTeX document class
("C:\Program Files (x86)\MiKTeX 2.9\tex\latex\base\size12.clo"
File: size12.clo 2007/10/19 v1.4h Standard LaTeX file (size option)
)
\c@part=\count79
\c@chapter=\count80
\c@section=\count81
\c@subsection=\count82
\c@subsubsection=\count83
\c@paragraph=\count84
\c@subparagraph=\count85
\c@figure=\count86
\c@table=\count87
\abovecaptionskip=\skip41
\belowcaptionskip=\skip42
\bibindent=\dimen102
)
("C:\Program Files (x86)\MiKTeX 2.9\tex\latex\url\url.sty"
\Urlmuskip=\muskip10
Package: url 2013/09/16  ver 3.4  Verb mode for urls, etc.
)
("D:\backup\Kuliah\Semester 8\TA\tugasAkhir\uithesis.sty"
("C:\Program Files (x86)\MiKTeX 2.9\tex\latex\tocbibind\tocbibind.sty"
Package: tocbibind 2010/10/13 v1.5k extra ToC listings
Package tocbibind Info: The document has chapter divisions on input line 50.


Package tocbibind Note: Using chapter style headings, unless overridden.

) ("C:\Program Files (x86)\MiKTeX 2.9\tex\latex\hyperref\hyperref.sty"
Package: hyperref 2012/11/06 v6.83m Hypertext links for LaTeX

("C:\Program Files (x86)\MiKTeX 2.9\tex\generic\oberdiek\hobsub-hyperref.sty"
Package: hobsub-hyperref 2012/04/25 v1.12 Bundle oberdiek, subset hyperref (HO)


("C:\Program Files (x86)\MiKTeX 2.9\tex\generic\oberdiek\hobsub-generic.sty"
Package: hobsub-generic 2012/04/25 v1.12 Bundle oberdiek, subset generic (HO)
Package: hobsub 2012/04/25 v1.12 Construct package bundles (HO)
Package: infwarerr 2010/04/08 v1.3 Providing info/warning/error messages (HO)
Package: ltxcmds 2011/11/09 v1.22 LaTeX kernel commands for general use (HO)
Package: ifluatex 2010/03/01 v1.3 Provides the ifluatex switch (HO)
Package ifluatex Info: LuaTeX not detected.
Package: ifvtex 2010/03/01 v1.5 Detect VTeX and its facilities (HO)
Package ifvtex Info: VTeX not detected.
Package: intcalc 2007/09/27 v1.1 Expandable calculations with integers (HO)
Package: ifpdf 2011/01/30 v2.3 Provides the ifpdf switch (HO)
Package ifpdf Info: pdfTeX in PDF mode is detected.
Package: etexcmds 2011/02/16 v1.5 Avoid name clashes with e-TeX commands (HO)
Package etexcmds Info: Could not find \expanded.
(etexcmds)             That can mean that you are not using pdfTeX 1.50 or
(etexcmds)             that some package has redefined \expanded.
(etexcmds)             In the latter case, load this package earlier.
Package: kvsetkeys 2012/04/25 v1.16 Key value parser (HO)
Package: kvdefinekeys 2011/04/07 v1.3 Define keys (HO)
Package: pdftexcmds 2011/11/29 v0.20 Utility functions of pdfTeX for LuaTeX (HO
)
Package pdftexcmds Info: LuaTeX not detected.
Package pdftexcmds Info: \pdf@primitive is available.
Package pdftexcmds Info: \pdf@ifprimitive is available.
Package pdftexcmds Info: \pdfdraftmode found.
Package: pdfescape 2011/11/25 v1.13 Implements pdfTeX's escape features (HO)
Package: bigintcalc 2012/04/08 v1.3 Expandable calculations on big integers (HO
)
Package: bitset 2011/01/30 v1.1 Handle bit-vector datatype (HO)
Package: uniquecounter 2011/01/30 v1.2 Provide unlimited unique counter (HO)
)
Package hobsub Info: Skipping package `hobsub' (already loaded).
Package: letltxmacro 2010/09/02 v1.4 Let assignment for LaTeX macros (HO)
Package: hopatch 2011/06/24 v1.1 Wrapper for package hooks (HO)
Package: xcolor-patch 2011/01/30 xcolor patch
Package: atveryend 2011/06/30 v1.8 Hooks at the very end of document (HO)
Package atveryend Info: \enddocument detected (standard20110627).
Package: atbegshi 2011/10/05 v1.16 At begin shipout hook (HO)
Package: refcount 2011/10/16 v3.4 Data extraction from label references (HO)
Package: hycolor 2011/01/30 v1.7 Color options for hyperref/bookmark (HO)
)
("C:\Program Files (x86)\MiKTeX 2.9\tex\latex\graphics\keyval.sty"
Package: keyval 1999/03/16 v1.13 key=value parser (DPC)
\KV@toks@=\toks14
)
("C:\Program Files (x86)\MiKTeX 2.9\tex\generic\ifxetex\ifxetex.sty"
Package: ifxetex 2010/09/12 v0.6 Provides ifxetex conditional
)
("C:\Program Files (x86)\MiKTeX 2.9\tex\latex\oberdiek\auxhook.sty"
Package: auxhook 2011/03/04 v1.3 Hooks for auxiliary files (HO)
)
("C:\Program Files (x86)\MiKTeX 2.9\tex\latex\oberdiek\kvoptions.sty"
Package: kvoptions 2011/06/30 v3.11 Key value format for package options (HO)
)
\@linkdim=\dimen103
\Hy@linkcounter=\count88
\Hy@pagecounter=\count89

("C:\Program Files (x86)\MiKTeX 2.9\tex\latex\hyperref\pd1enc.def"
File: pd1enc.def 2012/11/06 v6.83m Hyperref: PDFDocEncoding definition (HO)
)
\Hy@SavedSpaceFactor=\count90

("C:\Program Files (x86)\MiKTeX 2.9\tex\latex\00miktex\hyperref.cfg"
File: hyperref.cfg 2002/06/06 v1.2 hyperref configuration of TeXLive
)
Package hyperref Info: Option `final' set `true' on input line 4319.
Package hyperref Info: Hyper figures OFF on input line 4443.
Package hyperref Info: Link nesting OFF on input line 4448.
Package hyperref Info: Hyper index ON on input line 4451.
Package hyperref Info: Plain pages OFF on input line 4458.
Package hyperref Info: Backreferencing OFF on input line 4463.
Package hyperref Info: Implicit mode ON; LaTeX internals redefined.
Package hyperref Info: Bookmarks ON on input line 4688.
\c@Hy@tempcnt=\count91
LaTeX Info: Redefining \url on input line 5041.
\XeTeXLinkMargin=\dimen104
\Fld@menulength=\count92
\Field@Width=\dimen105
\Fld@charsize=\dimen106
Package hyperref Info: Hyper figures OFF on input line 6295.
Package hyperref Info: Link nesting OFF on input line 6300.
Package hyperref Info: Hyper index ON on input line 6303.
Package hyperref Info: backreferencing OFF on input line 6310.
Package hyperref Info: Link coloring OFF on input line 6315.
Package hyperref Info: Link coloring with OCG OFF on input line 6320.
Package hyperref Info: PDF/A mode OFF on input line 6325.
LaTeX Info: Redefining \ref on input line 6365.
LaTeX Info: Redefining \pageref on input line 6369.
\Hy@abspage=\count93
\c@Item=\count94
\c@Hfootnote=\count95
)

Package hyperref Message: Driver (autodetected): hpdftex.

("C:\Program Files (x86)\MiKTeX 2.9\tex\latex\hyperref\hpdftex.def"
File: hpdftex.def 2012/11/06 v6.83m Hyperref driver for pdfTeX
\Fld@listcount=\count96
\c@bookmark@seq@number=\count97

("C:\Program Files (x86)\MiKTeX 2.9\tex\latex\oberdiek\rerunfilecheck.sty"
Package: rerunfilecheck 2011/04/15 v1.7 Rerun checks for auxiliary files (HO)
Package uniquecounter Info: New unique counter `rerunfilecheck' on input line 2
82.
)
\Hy@SectionHShift=\skip43
)

Package hyperref Warning: Option `a4paper' is no longer used.

Package hyperref Info: Option `colorlinks' set `false' on input line 57.
Package hyperref Info: Option `bookmarksopen' set `false' on input line 57.
Package hyperref Info: Option `bookmarksnumbered' set `true' on input line 57.
("C:\Program Files (x86)\MiKTeX 2.9\tex\latex\multirow\multirow.sty"
\bigstrutjot=\dimen107
)
("C:\Program Files (x86)\MiKTeX 2.9\tex\latex\graphics\graphicx.sty"
Package: graphicx 1999/02/16 v1.0f Enhanced LaTeX Graphics (DPC,SPQR)

("C:\Program Files (x86)\MiKTeX 2.9\tex\latex\graphics\graphics.sty"
Package: graphics 2009/02/05 v1.0o Standard LaTeX Graphics (DPC,SPQR)

("C:\Program Files (x86)\MiKTeX 2.9\tex\latex\graphics\trig.sty"
Package: trig 1999/03/16 v1.09 sin cos tan (DPC)
)
("C:\Program Files (x86)\MiKTeX 2.9\tex\latex\00miktex\graphics.cfg"
File: graphics.cfg 2007/01/18 v1.5 graphics configuration of teTeX/TeXLive
)
Package graphics Info: Driver file: pdftex.def on input line 91.

("C:\Program Files (x86)\MiKTeX 2.9\tex\latex\pdftex-def\pdftex.def"
File: pdftex.def 2011/05/27 v0.06d Graphics/color for pdfTeX
\Gread@gobject=\count98
))
\Gin@req@height=\dimen108
\Gin@req@width=\dimen109
)
("C:\Program Files (x86)\MiKTeX 2.9\tex\latex\setspace\setspace.sty"
Package: setspace 2011/12/19 v6.7a set line spacing
)
("C:\Program Files (x86)\MiKTeX 2.9\tex\latex\geometry\geometry.sty"
Package: geometry 2010/09/12 v5.6 Page Geometry
\Gm@cnth=\count99
\Gm@cntv=\count100
\c@Gm@tempcnt=\count101
\Gm@bindingoffset=\dimen110
\Gm@wd@mp=\dimen111
\Gm@odd@mp=\dimen112
\Gm@even@mp=\dimen113
\Gm@layoutwidth=\dimen114
\Gm@layoutheight=\dimen115
\Gm@layouthoffset=\dimen116
\Gm@layoutvoffset=\dimen117
\Gm@dimlist=\toks15

("C:\Program Files (x86)\MiKTeX 2.9\tex\latex\geometry\geometry.cfg"))
("C:\Program Files (x86)\MiKTeX 2.9\tex\latex\caption\caption.sty"
Package: caption 2013/05/02 v3.3-89 Customizing captions (AR)

("C:\Program Files (x86)\MiKTeX 2.9\tex\latex\caption\caption3.sty"
Package: caption3 2013/05/02 v1.6-88 caption3 kernel (AR)
Package caption3 Info: TeX engine: e-TeX on input line 57.
\captionmargin=\dimen118
\captionmargin@=\dimen119
\captionwidth=\dimen120
\caption@tempdima=\dimen121
\caption@indent=\dimen122
\caption@parindent=\dimen123
\caption@hangindent=\dimen124
)
\c@ContinuedFloat=\count102
Package caption Info: hyperref package is loaded.
)
("C:\Program Files (x86)\MiKTeX 2.9\tex\latex\amsmath\amsmath.sty"
Package: amsmath 2013/01/14 v2.14 AMS math features
\@mathmargin=\skip44

For additional information on amsmath, use the `?' option.
("C:\Program Files (x86)\MiKTeX 2.9\tex\latex\amsmath\amstext.sty"
Package: amstext 2000/06/29 v2.01

("C:\Program Files (x86)\MiKTeX 2.9\tex\latex\amsmath\amsgen.sty"
File: amsgen.sty 1999/11/30 v2.0
\@emptytoks=\toks16
\ex@=\dimen125
))
("C:\Program Files (x86)\MiKTeX 2.9\tex\latex\amsmath\amsbsy.sty"
Package: amsbsy 1999/11/29 v1.2d
\pmbraise@=\dimen126
)
("C:\Program Files (x86)\MiKTeX 2.9\tex\latex\amsmath\amsopn.sty"
Package: amsopn 1999/12/14 v2.01 operator names
)
\inf@bad=\count103
LaTeX Info: Redefining \frac on input line 210.
\uproot@=\count104
\leftroot@=\count105
LaTeX Info: Redefining \overline on input line 306.
\classnum@=\count106
\DOTSCASE@=\count107
LaTeX Info: Redefining \ldots on input line 378.
LaTeX Info: Redefining \dots on input line 381.
LaTeX Info: Redefining \cdots on input line 466.
\Mathstrutbox@=\box26
\strutbox@=\box27
\big@size=\dimen127
LaTeX Font Info:    Redeclaring font encoding OML on input line 566.
LaTeX Font Info:    Redeclaring font encoding OMS on input line 567.
\macc@depth=\count108
\c@MaxMatrixCols=\count109
\dotsspace@=\muskip11
\c@parentequation=\count110
\dspbrk@lvl=\count111
\tag@help=\toks17
\row@=\count112
\column@=\count113
\maxfields@=\count114
\andhelp@=\toks18
\eqnshift@=\dimen128
\alignsep@=\dimen129
\tagshift@=\dimen130
\tagwidth@=\dimen131
\totwidth@=\dimen132
\lineht@=\dimen133
\@envbody=\toks19
\multlinegap=\skip45
\multlinetaggap=\skip46
\mathdisplay@stack=\toks20
LaTeX Info: Redefining \[ on input line 2665.
LaTeX Info: Redefining \] on input line 2666.
)
("C:\Program Files (x86)\MiKTeX 2.9\tex\latex\pslatex\pslatex.sty"
Package: pslatex 1996/07/24 v1.2 pslatex emulation (DPC)
LaTeX Font Info:    Redeclaring symbol font `operators' on input line 65.
LaTeX Font Info:    Overwriting symbol font `operators' in version `normal'
(Font)                  OT1/cmr/m/n --> OT1/ptmcm/m/n on input line 65.
LaTeX Font Info:    Overwriting symbol font `operators' in version `bold'
(Font)                  OT1/cmr/bx/n --> OT1/ptmcm/m/n on input line 65.
LaTeX Font Info:    Redeclaring symbol font `letters' on input line 66.
LaTeX Font Info:    Overwriting symbol font `letters' in version `normal'
(Font)                  OML/cmm/m/it --> OML/ptmcm/m/it on input line 66.
LaTeX Font Info:    Overwriting symbol font `letters' in version `bold'
(Font)                  OML/cmm/b/it --> OML/ptmcm/m/it on input line 66.
LaTeX Font Info:    Redeclaring symbol font `symbols' on input line 67.
LaTeX Font Info:    Overwriting symbol font `symbols' in version `normal'
(Font)                  OMS/cmsy/m/n --> OMS/pzccm/m/n on input line 67.
LaTeX Font Info:    Overwriting symbol font `symbols' in version `bold'
(Font)                  OMS/cmsy/b/n --> OMS/pzccm/m/n on input line 67.
LaTeX Font Info:    Redeclaring symbol font `largesymbols' on input line 68.
LaTeX Font Info:    Overwriting symbol font `largesymbols' in version `normal'
(Font)                  OMX/cmex/m/n --> OMX/psycm/m/n on input line 68.
LaTeX Font Info:    Overwriting symbol font `largesymbols' in version `bold'
(Font)                  OMX/cmex/m/n --> OMX/psycm/m/n on input line 68.
\symbold=\mathgroup4
\symitalic=\mathgroup5
LaTeX Font Info:    Redeclaring math alphabet \mathbf on input line 74.
LaTeX Font Info:    Overwriting math alphabet `\mathbf' in version `normal'
(Font)                  OT1/cmr/bx/n --> OT1/ptm/bx/n on input line 74.
LaTeX Font Info:    Overwriting math alphabet `\mathbf' in version `bold'
(Font)                  OT1/cmr/bx/n --> OT1/ptm/bx/n on input line 74.
LaTeX Font Info:    Redeclaring math alphabet \mathit on input line 75.
LaTeX Font Info:    Overwriting math alphabet `\mathit' in version `normal'
(Font)                  OT1/cmr/m/it --> OT1/ptm/m/it on input line 75.
LaTeX Font Info:    Overwriting math alphabet `\mathit' in version `bold'
(Font)                  OT1/cmr/bx/it --> OT1/ptm/m/it on input line 75.
)
("C:\Program Files (x86)\MiKTeX 2.9\tex\latex\fancyhdr\fancyhdr.sty"
\fancy@headwidth=\skip47
\f@ncyO@elh=\skip48
\f@ncyO@erh=\skip49
\f@ncyO@olh=\skip50
\f@ncyO@orh=\skip51
\f@ncyO@elf=\skip52
\f@ncyO@erf=\skip53
\f@ncyO@olf=\skip54
\f@ncyO@orf=\skip55
)
("C:\Program Files (x86)\MiKTeX 2.9\tex\latex\pdfpages\pdfpages.sty"
Package: pdfpages 2013/08/25 v0.4v Insert pages of external PDF documents (AM)

("C:\Program Files (x86)\MiKTeX 2.9\tex\latex\base\ifthen.sty"
Package: ifthen 2001/05/26 v1.1c Standard LaTeX ifthen package (DPC)
)
("C:\Program Files (x86)\MiKTeX 2.9\tex\latex\tools\calc.sty"
Package: calc 2007/08/22 v4.3 Infix arithmetic (KKT,FJ)
\calc@Acount=\count115
\calc@Bcount=\count116
\calc@Adimen=\dimen134
\calc@Bdimen=\dimen135
\calc@Askip=\skip56
\calc@Bskip=\skip57
LaTeX Info: Redefining \setlength on input line 76.
LaTeX Info: Redefining \addtolength on input line 77.
\calc@Ccount=\count117
\calc@Cskip=\skip58
)
("C:\Program Files (x86)\MiKTeX 2.9\tex\latex\eso-pic\eso-pic.sty"
Package: eso-pic 2013/10/06 v2.0d eso-pic (RN)

("C:\Program Files (x86)\MiKTeX 2.9\tex\latex\xcolor\xcolor.sty"
Package: xcolor 2007/01/21 v2.11 LaTeX color extensions (UK)

("C:\Program Files (x86)\MiKTeX 2.9\tex\latex\00miktex\color.cfg"
File: color.cfg 2007/01/18 v1.5 color configuration of teTeX/TeXLive
)
Package xcolor Info: Driver file: pdftex.def on input line 225.
Package xcolor Info: Model `cmy' substituted by `cmy0' on input line 1337.
Package xcolor Info: Model `hsb' substituted by `rgb' on input line 1341.
Package xcolor Info: Model `RGB' extended on input line 1353.
Package xcolor Info: Model `HTML' substituted by `rgb' on input line 1355.
Package xcolor Info: Model `Hsb' substituted by `hsb' on input line 1356.
Package xcolor Info: Model `tHsb' substituted by `hsb' on input line 1357.
Package xcolor Info: Model `HSB' substituted by `hsb' on input line 1358.
Package xcolor Info: Model `Gray' substituted by `gray' on input line 1359.
Package xcolor Info: Model `wave' substituted by `hsb' on input line 1360.
))
("C:\Program Files (x86)\MiKTeX 2.9\tex\latex\pdfpages\pppdftex.def"
File: pppdftex.def 2013/08/25 v0.4v Pdfpages driver for pdfTeX (AM)
)
\AM@pagebox=\box28
\AM@toc@title=\toks21
\c@AM@survey=\count118
\AM@templatesizebox=\box29
)
("D:\backup\Kuliah\Semester 8\TA\tugasAkhir\fncychap.sty"
Package: fncychap 2007/07/30 v1.34 LaTeX package (Revised chapters)
\RW=\skip59
\mylen=\skip60
\myhi=\skip61
\px=\skip62
\py=\skip63
\pyy=\skip64
\pxx=\skip65
)
("C:\Program Files (x86)\MiKTeX 2.9\tex\latex\colortbl\colortbl.sty"
Package: colortbl 2012/02/13 v1.0a Color table columns (DPC)

("C:\Program Files (x86)\MiKTeX 2.9\tex\latex\tools\array.sty"
Package: array 2008/09/09 v2.4c Tabular extension package (FMi)
\col@sep=\dimen136
\extrarowheight=\dimen137
\NC@list=\toks22
\extratabsurround=\skip66
\backup@length=\skip67
)
\everycr=\toks23
\minrowclearance=\skip68
)
("C:\Program Files (x86)\MiKTeX 2.9\tex\latex\float\float.sty"
Package: float 2001/11/08 v1.3d Float enhancements (AL)
\c@float@type=\count119
\float@exts=\toks24
\float@box=\box30
\@float@everytoks=\toks25
\@floatcapt=\box31
))
("C:\Program Files (x86)\MiKTeX 2.9\tex\latex\biblatex\biblatex.sty"
Package: biblatex 2014/06/25 v2.9a programmable bibliographies (PK/JW/AB)

("C:\Program Files (x86)\MiKTeX 2.9\tex\latex\biblatex\biblatex1.sty"
Package: biblatex1 2014/06/25 v2.9a programmable bibliographies (bibtex) (PK/JW
/AB)

("C:\Program Files (x86)\MiKTeX 2.9\tex\latex\etoolbox\etoolbox.sty"
Package: etoolbox 2015/03/19 v2.1d e-TeX tools for LaTeX (JAW)

("C:\Program Files (x86)\MiKTeX 2.9\tex\latex\misc\etex.sty"
Package: etex 1998/03/26 v2.0 eTeX basic definition package (PEB)
\et@xins=\count120
)
\etb@tempcnta=\count121
)
("C:\Program Files (x86)\MiKTeX 2.9\tex\latex\logreq\logreq.sty"
Package: logreq 2010/08/04 v1.0 xml request logger
\lrq@indent=\count122

("C:\Program Files (x86)\MiKTeX 2.9\tex\latex\logreq\logreq.def"
File: logreq.def 2010/08/04 v1.0 logreq spec v1.0
))
\c@tabx@nest=\count123
\c@listtotal=\count124
\c@listcount=\count125
\c@liststart=\count126
\c@liststop=\count127
\c@citecount=\count128
\c@citetotal=\count129
\c@multicitecount=\count130
\c@multicitetotal=\count131
\c@instcount=\count132
\c@maxnames=\count133
\c@minnames=\count134
\c@maxitems=\count135
\c@minitems=\count136
\c@citecounter=\count137
\c@savedcitecounter=\count138
\c@uniquelist=\count139
\c@uniquename=\count140
\c@refsection=\count141
\c@refsegment=\count142
\c@maxextrayear=\count143
\c@maxextraalpha=\count144
\c@abbrvpenalty=\count145
\c@highnamepenalty=\count146
\c@lownamepenalty=\count147
\c@maxparens=\count148
\c@parenlevel=\count149
\blx@tempcnta=\count150
\blx@tempcntb=\count151
\blx@tempcntc=\count152
\blx@maxsection=\count153
\blx@maxsegment=\count154
\blx@notetype=\count155
\blx@parenlevel@text=\count156
\blx@parenlevel@foot=\count157
\labelnumberwidth=\skip69
\labelalphawidth=\skip70
\shorthandwidth=\skip71
\biblabelsep=\skip72
\bibitemsep=\skip73
\bibnamesep=\skip74
\bibinitsep=\skip75
\bibparsep=\skip76
\bibhang=\skip77
\blx@auxin=\read1
\blx@auxout=\write3
\c@mincomprange=\count158
\c@maxcomprange=\count159
\c@mincompwidth=\count160
\c@labelname=\count161
\c@savedlabelname=\count162
\c@author=\count163
\c@savedauthor=\count164
\c@shortauthor=\count165
\c@savedshortauthor=\count166
\c@editor=\count167
\c@savededitor=\count168
\c@editora=\count169
\c@savededitora=\count170
\c@editorb=\count171
\c@savededitorb=\count172
\c@editorc=\count173
\c@savededitorc=\count174
\c@shorteditor=\count175
\c@savedshorteditor=\count176
\c@bookauthor=\count177
\c@savedbookauthor=\count178
\c@translator=\count179
\c@savedtranslator=\count180
\c@annotator=\count181
\c@savedannotator=\count182
\c@commentator=\count183
\c@savedcommentator=\count184
\c@introduction=\count185
\c@savedintroduction=\count186
\c@foreword=\count187
\c@savedforeword=\count188
\c@afterword=\count189
\c@savedafterword=\count190
\c@holder=\count191
\c@savedholder=\count192
\c@namea=\count193
\c@savednamea=\count194
\c@nameb=\count195
\c@savednameb=\count196
\c@namec=\count197
\c@savednamec=\count198
\c@institution=\count199
\c@savedinstitution=\count200
\c@language=\count201
\c@savedlanguage=\count202
\c@location=\count203
\c@savedlocation=\count204
\c@organization=\count205
\c@savedorganization=\count206
\c@origlocation=\count207
\c@savedoriglocation=\count208
\c@origpublisher=\count209
\c@savedorigpublisher=\count210
\c@pageref=\count211
\c@savedpageref=\count212
\c@publisher=\count213
\c@savedpublisher=\count214
\c@lista=\count215
\c@savedlista=\count216
\c@listb=\count217
\c@savedlistb=\count218
\c@listc=\count219
\c@savedlistc=\count220
\c@listd=\count221
\c@savedlistd=\count222
\c@liste=\count223
\c@savedliste=\count224
\c@listf=\count225
\c@savedlistf=\count226
Package biblatex Info: Trying to load compatibility code...
Package biblatex Info: ... file 'blx-compat.def' found.

("C:\Program Files (x86)\MiKTeX 2.9\tex\latex\biblatex\blx-compat.def"
File: blx-compat.def 2014/06/25 v2.9a biblatex compatibility (PK/JW/AB)
)
Package biblatex Info: Trying to load generic definitions...
Package biblatex Info: ... file 'biblatex.def' found.

("C:\Program Files (x86)\MiKTeX 2.9\tex\latex\biblatex\biblatex.def"
File: biblatex.def 
\c@textcitecount=\count227
\c@textcitetotal=\count228
\c@textcitemaxnames=\count229
\c@biburlnumpenalty=\count230
\c@biburlucpenalty=\count231
\c@biburllcpenalty=\count232
\c@smartand=\count233
)
Package biblatex Info: Trying to load bibliography style 'numeric'...
Package biblatex Info: ... file 'numeric.bbx' found.

("C:\Program Files (x86)\MiKTeX 2.9\tex\latex\biblatex\bbx\numeric.bbx"
File: numeric.bbx 2014/06/25 v2.9a biblatex bibliography style (PK/JW/AB)
Package biblatex Info: Trying to load bibliography style 'standard'...
Package biblatex Info: ... file 'standard.bbx' found.

("C:\Program Files (x86)\MiKTeX 2.9\tex\latex\biblatex\bbx\standard.bbx"
File: standard.bbx 2014/06/25 v2.9a biblatex bibliography style (PK/JW/AB)
Normal \count register pool exhausted, switching to extended pool.
\c@bbx:relatedcount=\count277
\c@bbx:relatedtotal=\count278
))
Package biblatex Info: Trying to load citation style 'numeric'...
Package biblatex Info: ... file 'numeric.cbx' found.

("C:\Program Files (x86)\MiKTeX 2.9\tex\latex\biblatex\cbx\numeric.cbx"
File: numeric.cbx 2014/06/25 v2.9a biblatex citation style (PK/JW/AB)
Package biblatex Info: Redefining '\cite'.
Package biblatex Info: Redefining '\parencite'.
Package biblatex Info: Redefining '\footcite'.
Package biblatex Info: Redefining '\footcitetext'.
Package biblatex Info: Redefining '\smartcite'.
Package biblatex Info: Redefining '\supercite'.
Package biblatex Info: Redefining '\textcite'.
Package biblatex Info: Redefining '\textcites'.
Package biblatex Info: Redefining '\cites'.
Package biblatex Info: Redefining '\parencites'.
Package biblatex Info: Redefining '\smartcites'.
)
Package biblatex Info: Trying to load configuration file...
Package biblatex Info: ... file 'biblatex.cfg' found.

("C:\Program Files (x86)\MiKTeX 2.9\tex\latex\biblatex\biblatex.cfg"
File: biblatex.cfg 
)))
("D:\backup\Kuliah\Semester 8\TA\tugasAkhir\laporan_setting.tex")
\@input{hype.indonesia.aux}
("D:\backup\Kuliah\Semester 8\TA\tugasAkhir\hype.indonesia.tex")
("D:\backup\Kuliah\Semester 8\TA\tugasAkhir\istilah.tex")
Package biblatex Info: Trying to load language 'english'...
Package biblatex Info: ... file 'english.lbx' found.

("C:\Program Files (x86)\MiKTeX 2.9\tex\latex\biblatex\lbx\english.lbx"
File: english.lbx 2014/06/25 v2.9a biblatex localization (PK/JW/AB)
)
\@quotelevel=\count279
\@quotereset=\count280

("D:\backup\Kuliah\Semester 8\TA\tugasAkhir\thesis.aux"
("D:\backup\Kuliah\Semester 8\TA\tugasAkhir\sampul.aux")
("D:\backup\Kuliah\Semester 8\TA\tugasAkhir\judul_dalam.aux")
("D:\backup\Kuliah\Semester 8\TA\tugasAkhir\pengesahan.aux")
("D:\backup\Kuliah\Semester 8\TA\tugasAkhir\orisinal.aux")
("D:\backup\Kuliah\Semester 8\TA\tugasAkhir\pengesahan_sidang.aux")
("D:\backup\Kuliah\Semester 8\TA\tugasAkhir\pengantar.aux")
("D:\backup\Kuliah\Semester 8\TA\tugasAkhir\persetujuan_publikasi.aux")
("D:\backup\Kuliah\Semester 8\TA\tugasAkhir\abstrak.aux")
("D:\backup\Kuliah\Semester 8\TA\tugasAkhir\abstract.aux")
("D:\backup\Kuliah\Semester 8\TA\tugasAkhir\bab1.aux")
("D:\backup\Kuliah\Semester 8\TA\tugasAkhir\bab2.aux")
("D:\backup\Kuliah\Semester 8\TA\tugasAkhir\bab3.aux")
("D:\backup\Kuliah\Semester 8\TA\tugasAkhir\bab4.aux")
("D:\backup\Kuliah\Semester 8\TA\tugasAkhir\bab5.aux")
("D:\backup\Kuliah\Semester 8\TA\tugasAkhir\bab6.aux")
("D:\backup\Kuliah\Semester 8\TA\tugasAkhir\kesimpulan.aux")
("D:\backup\Kuliah\Semester 8\TA\tugasAkhir\markLampiran.aux")
("D:\backup\Kuliah\Semester 8\TA\tugasAkhir\lampiran.aux"))
LaTeX Font Info:    Checking defaults for OML/cmm/m/it on input line 33.
LaTeX Font Info:    ... okay on input line 33.
LaTeX Font Info:    Checking defaults for T1/cmr/m/n on input line 33.
LaTeX Font Info:    ... okay on input line 33.
LaTeX Font Info:    Checking defaults for OT1/cmr/m/n on input line 33.
LaTeX Font Info:    ... okay on input line 33.
LaTeX Font Info:    Checking defaults for OMS/pzccm/m/n on input line 33.
LaTeX Font Info:    Try loading font information for OMS+pzccm on input line 33
.

("C:\Program Files (x86)\MiKTeX 2.9\tex\latex\psnfss\omspzccm.fd"
File: omspzccm.fd 2000/01/03 Fontinst v1.801 font definitions for OMS/pzccm.
)
LaTeX Font Info:    ... okay on input line 33.
LaTeX Font Info:    Checking defaults for OMX/cmex/m/n on input line 33.
LaTeX Font Info:    ... okay on input line 33.
LaTeX Font Info:    Checking defaults for U/cmr/m/n on input line 33.
LaTeX Font Info:    ... okay on input line 33.
LaTeX Font Info:    Checking defaults for PD1/pdf/m/n on input line 33.
LaTeX Font Info:    ... okay on input line 33.
\AtBeginShipoutBox=\box32
Package hyperref Info: Link coloring OFF on input line 33.

("C:\Program Files (x86)\MiKTeX 2.9\tex\latex\hyperref\nameref.sty"
Package: nameref 2012/10/27 v2.43 Cross-referencing by name of section

("C:\Program Files (x86)\MiKTeX 2.9\tex\generic\oberdiek\gettitlestring.sty"
Package: gettitlestring 2010/12/03 v1.4 Cleanup title references (HO)
)
\c@section@level=\count281
)
LaTeX Info: Redefining \ref on input line 33.
LaTeX Info: Redefining \pageref on input line 33.
LaTeX Info: Redefining \nameref on input line 33.

("D:\backup\Kuliah\Semester 8\TA\tugasAkhir\thesis.out")
("D:\backup\Kuliah\Semester 8\TA\tugasAkhir\thesis.out")
\@outlinefile=\write4

("C:\Program Files (x86)\MiKTeX 2.9\tex\context\base\supp-pdf.mkii"
[Loading MPS to PDF converter (version 2006.09.02).]
\scratchcounter=\count282
\scratchdimen=\dimen138
\scratchbox=\box33
\nofMPsegments=\count283
\nofMParguments=\count284
\everyMPshowfont=\toks26
\MPscratchCnt=\count285
\MPscratchDim=\dimen139
\MPnumerator=\count286
\makeMPintoPDFobject=\count287
\everyMPtoPDFconversion=\toks27
)
*geometry* driver: auto-detecting
*geometry* detected driver: pdftex
*geometry* verbose mode - [ preamble ] result:
* driver: pdftex
* paper: a4paper
* layout: <same size as paper>
* layoutoffset:(h,v)=(0.0pt,0.0pt)
* modes: 
* h-part:(L,W,R)=(113.81102pt, 398.3386pt, 85.35826pt)
* v-part:(T,H,B)=(85.35826pt, 674.33032pt, 85.35826pt)
* \paperwidth=597.50787pt
* \paperheight=845.04684pt
* \textwidth=398.3386pt
* \textheight=674.33032pt
* \oddsidemargin=41.54103pt
* \evensidemargin=41.54103pt
* \topmargin=-11.91173pt
* \headheight=0.0pt
* \headsep=25.0pt
* \topskip=12.0pt
* \footskip=30.0pt
* \marginparwidth=35.0pt
* \marginparsep=10.0pt
* \columnsep=10.0pt
* \skip\footins=10.8pt plus 4.0pt minus 2.0pt
* \hoffset=0.0pt
* \voffset=0.0pt
* \mag=1000
* \@twocolumnfalse
* \@twosidefalse
* \@mparswitchfalse
* \@reversemarginfalse
* (1in=72.27pt=25.4mm, 1cm=28.453pt)

Package caption Info: Begin \AtBeginDocument code.
Package caption Info: float package is loaded.
Package caption Info: End \AtBeginDocument code.
Package biblatex Info: No input encoding detected.
(biblatex)             Assuming 'ascii'.
Package biblatex Info: Automatic encoding selection.
(biblatex)             Assuming data encoding 'ascii'.
Package biblatex Info: Trying to load bibliographic data...
Package biblatex Info: ... file 'thesis.bbl' found.
("D:\backup\Kuliah\Semester 8\TA\tugasAkhir\thesis.bbl"

Package biblatex Warning: BibTeX reported the following issues
(biblatex)                with 'zigbeegateway':
(biblatex)                - Invalid format of field 'month'.


Package biblatex Warning: BibTeX reported the following issues
(biblatex)                with 'zigbeeGateway2':
(biblatex)                - Invalid format of field 'month'.


Package biblatex Warning: BibTeX reported the following issues
(biblatex)                with 'CiscoIot':
(biblatex)                - Invalid format of field 'date' 
(biblatex)                - Invalid format of field 'date'.


Package biblatex Warning: BibTeX reported the following issues
(biblatex)                with 'LuigiSIoT':
(biblatex)                - Invalid format of field 'date' 
(biblatex)                - Invalid format of field 'date'.


Package biblatex Warning: BibTeX reported the following issues
(biblatex)                with 'SkripsiNina':
(biblatex)                - Invalid format of field 'date' 
(biblatex)                - Invalid format of field 'date'.


Package biblatex Warning: BibTeX reported the following issues
(biblatex)                with 'SkripsiFarah':
(biblatex)                - Invalid format of field 'date' 
(biblatex)                - Invalid format of field 'date'.

)
Package biblatex Info: Reference section=0 on input line 33.
Package biblatex Info: Reference segment=0 on input line 33.
 ("D:\backup\Kuliah\Semester 8\TA\tugasAkhir\sampul.tex"
<pics/makara.png, id=192, 154.86429pt x 154.34807pt>
File: pics/makara.png Graphic file (type png)
 <use pics/makara.png>
Package pdftex.def Info: pics/makara.png used on input line 14.
(pdftex.def)             Requested size: 71.13188pt x 70.89497pt.
LaTeX Font Info:    Font shape `OT1/ptm/bx/n' in size <12> not available
(Font)              Font shape `OT1/ptm/b/n' tried instead on input line 20.

[1




{C:/ProgramData/MiKTeX/2.9/pdftex/config/pdftex.map} <D:/backup/Kuliah/Semester
 8/TA/tugasAkhir/pics/makara.png>])
("D:\backup\Kuliah\Semester 8\TA\tugasAkhir\judul_dalam.tex"
File: pics/makara.png Graphic file (type png)

<use pics/makara.png>
Package pdftex.def Info: pics/makara.png used on input line 12.
(pdftex.def)             Requested size: 71.13188pt x 70.89497pt.
 [1


])
("D:\backup\Kuliah\Semester 8\TA\tugasAkhir\pengesahan.tex"
LaTeX Font Info:    Font shape `OT1/ptm/bx/n' in size <14.4> not available
(Font)              Font shape `OT1/ptm/b/n' tried instead on input line 8.
LaTeX Font Info:    Try loading font information for OT1+ptmcm on input line 14
.

("C:\Program Files (x86)\MiKTeX 2.9\tex\latex\psnfss\ot1ptmcm.fd"
File: ot1ptmcm.fd 2000/01/03 Fontinst v1.801 font definitions for OT1/ptmcm.
)
LaTeX Font Info:    Try loading font information for OML+ptmcm on input line 14
.

("C:\Program Files (x86)\MiKTeX 2.9\tex\latex\psnfss\omlptmcm.fd"
File: omlptmcm.fd 2000/01/03 Fontinst v1.801 font definitions for OML/ptmcm.
)
LaTeX Font Info:    Try loading font information for OMX+psycm on input line 14
.

("C:\Program Files (x86)\MiKTeX 2.9\tex\latex\psnfss\omxpsycm.fd"
File: omxpsycm.fd 2000/01/03 Fontinst v1.801 font definitions for OMX/psycm.
)
LaTeX Font Info:    Font shape `OT1/ptm/bx/n' in size <9> not available
(Font)              Font shape `OT1/ptm/b/n' tried instead on input line 14.
LaTeX Font Info:    Font shape `OT1/ptm/bx/n' in size <7> not available
(Font)              Font shape `OT1/ptm/b/n' tried instead on input line 14.

Underfull \hbox (badness 10000) in paragraph at lines 13--19

 []


Underfull \hbox (badness 10000) in paragraph at lines 22--23

 []

[2



]) ("D:\backup\Kuliah\Semester 8\TA\tugasAkhir\orisinal.tex" [3



])
("D:\backup\Kuliah\Semester 8\TA\tugasAkhir\pengesahan_sidang.tex"
Overfull \hbox (40.45895pt too wide) in paragraph at lines 13--21
[] 
 []


Underfull \hbox (badness 10000) in paragraph at lines 13--21

 []


Underfull \hbox (badness 10000) in paragraph at lines 24--28

 []


Underfull \hbox (badness 10000) in paragraph at lines 35--45

 []


Overfull \hbox (16.19841pt too wide) in paragraph at lines 46--47
[][]
 []


Underfull \hbox (badness 10000) in paragraph at lines 46--47

 []

[4



])

Package hyperref Warning: Token not allowed in a PDF string (PDFDocEncoding):
(hyperref)                removing `\uppercase' on input line 65.

("D:\backup\Kuliah\Semester 8\TA\tugasAkhir\pengantar.tex"
<pics/creative_common.png, id=219, 759.83875pt x 645.41125pt>
File: pics/creative_common.png Graphic file (type png)

<use pics/creative_common.png>
Package pdftex.def Info: pics/creative_common.png used on input line 28.
(pdftex.def)             Requested size: 294.77274pt x 250.37987pt.
LaTeX Font Info:    Font shape `OT1/ptm/bx/n' in size <10> not available
(Font)              Font shape `OT1/ptm/b/n' tried instead on input line 29.
 [5



 <D:/backup/Kuliah/Semester 8/TA/tugasAkhir/pics/creative_common.png (PNG copy)
>]
<pics/mark.png, id=235, 336.25626pt x 66.2475pt>
File: pics/mark.png Graphic file (type png)
 <use pics/mark.png>
Package pdftex.def Info: pics/mark.png used on input line 61.
(pdftex.def)             Requested size: 215.10016pt x 42.37802pt.
)

Package Fancyhdr Warning: \headheight is too small (0.0pt): 
 Make it at least 14.49998pt.
 We now make it that large for the rest of the document.
 This may cause the page layout to be inconsistent, however.

[6 <D:/backup/Kuliah/Semester 8/TA/tugasAkhir/pics/mark.png (PNG copy)>]
("D:\backup\Kuliah\Semester 8\TA\tugasAkhir\persetujuan_publikasi.tex"
Underfull \hbox (badness 10000) in paragraph at lines 30--36

 []

[7



]) ("D:\backup\Kuliah\Semester 8\TA\tugasAkhir\abstrak.tex"
Underfull \hbox (badness 10000) in paragraph at lines 12--17

 []


Overfull \hbox (0.85362pt too wide) in paragraph at lines 20--21
 []
 []


Underfull \hbox (badness 10000) in paragraph at lines 20--21

 []


Underfull \hbox (badness 10000) in paragraph at lines 20--21

 []


Underfull \hbox (badness 10000) in paragraph at lines 24--27
[]
 []


Underfull \hbox (badness 10000) in paragraph at lines 24--27

 []


Underfull \hbox (badness 10000) in paragraph at lines 24--27

 []

[8



]) ("D:\backup\Kuliah\Semester 8\TA\tugasAkhir\abstract.tex"
Underfull \hbox (badness 10000) in paragraph at lines 12--17

 []


Overfull \hbox (0.85362pt too wide) in paragraph at lines 20--21
 [] 
 []


Underfull \hbox (badness 10000) in paragraph at lines 20--21

 []


Underfull \hbox (badness 10000) in paragraph at lines 24--26
[]
 []


Underfull \hbox (badness 10000) in paragraph at lines 24--26

 []

[9



]) ("D:\backup\Kuliah\Semester 8\TA\tugasAkhir\thesis.toc" [10


])
\tf@toc=\write5


Package Fancyhdr Warning: \headheight is too small (0.0pt): 
 Make it at least 14.49998pt.
 We now make it that large for the rest of the document.
 This may cause the page layout to be inconsistent, however.

[11] ("D:\backup\Kuliah\Semester 8\TA\tugasAkhir\thesis.lof")
\tf@lof=\write6
 [12


]
("D:\backup\Kuliah\Semester 8\TA\tugasAkhir\thesis.lot")
\tf@lot=\write7
 [13


]
("D:\backup\Kuliah\Semester 8\TA\tugasAkhir\bab1.tex"
BAB 1.

Package hyperref Warning: Token not allowed in a PDF string (PDFDocEncoding):
(hyperref)                removing `\uppercase' on input line 2.

pdfTeX warning (ext4): destination with the same identifier (name{page.1}) has 
been already used, duplicate ignored
<to be read again> 
                   \relax 
l.17 
      [1



]

Package Fancyhdr Warning: \headheight is too small (0.0pt): 
 Make it at least 14.49998pt.
 We now make it that large for the rest of the document.
 This may cause the page layout to be inconsistent, however.

[2]
Underfull \hbox (badness 4341) in paragraph at lines 33--34
\OT1/ptm/m/n/12 Ruang lingkup im-ple-men-tasi \OT1/ptm/m/it/12 generic gate-way
 \OT1/ptm/m/n/12 un-tuk \OT1/ptm/m/it/12 plat-form in-ter-net of
 []


Underfull \hbox (badness 10000) in paragraph at lines 40--41
[]\OT1/ptm/m/n/12 Perangkat yang di-gu-nakan adalah Rasp-berry Pi
 []


Overfull \hbox (27.94829pt too wide) in paragraph at lines 40--41
[]
 []


Package Fancyhdr Warning: \headheight is too small (0.0pt): 
 Make it at least 14.49998pt.
 We now make it that large for the rest of the document.
 This may cause the page layout to be inconsistent, however.

[3]
LaTeX Font Info:    Font shape `OMS/ptm/m/n' in size <12> not available
(Font)              Font shape `OMS/pzccm/m/n' tried instead on input line 77.


Package Fancyhdr Warning: \headheight is too small (0.0pt): 
 Make it at least 14.49998pt.
 We now make it that large for the rest of the document.
 This may cause the page layout to be inconsistent, however.

[4])

Package Fancyhdr Warning: \headheight is too small (0.0pt): 
 Make it at least 14.49998pt.
 We now make it that large for the rest of the document.
 This may cause the page layout to be inconsistent, however.

[5] ("D:\backup\Kuliah\Semester 8\TA\tugasAkhir\bab2.tex"
BAB 2.

Package hyperref Warning: Token not allowed in a PDF string (PDFDocEncoding):
(hyperref)                removing `\uppercase' on input line 2.

LaTeX Font Info:    Font shape `OT1/ptm/bx/it' in size <14.4> not available
(Font)              Font shape `OT1/ptm/b/it' tried instead on input line 6.
[6



]

Package Fancyhdr Warning: \headheight is too small (0.0pt): 
 Make it at least 14.49998pt.
 We now make it that large for the rest of the document.
 This may cause the page layout to be inconsistent, however.

[7]
Underfull \hbox (badness 6412) in paragraph at lines 18--22
[]\OT1/ptm/m/n/12 Contoh pen-dekatan lain adalah seperti yang dibuat oleh Do-mi
nique
 []


Underfull \hbox (badness 2165) in paragraph at lines 18--22
\OT1/ptm/m/n/12 un-tuk me-man-faatkan hubun-gan manu-sia yang ter-da-pat pada l
ayanan sosial
 []


Underfull \hbox (badness 2717) in paragraph at lines 18--22
\OT1/ptm/m/n/12 me-dia yang su-dah ada di pasaran seperti face-book, twit-ter, 
dan lain-nya.
 []


Underfull \hbox (badness 1194) in paragraph at lines 18--22
\OT1/ptm/m/n/12 Melalui konsep ini, se-o-rang peng-guna da-pat mem-bagikan \OT1
/ptm/m/it/12 re-source \OT1/ptm/m/n/12 dari su-
 []


Underfull \hbox (badness 2080) in paragraph at lines 18--22
\OT1/ptm/m/n/12 atu benda yang dim-i-likinya ke te-man-nya yang ter-da-pat pada
 su-atu me-dia
 []


Underfull \hbox (badness 2521) in paragraph at lines 18--22
\OT1/ptm/m/n/12 sosial yang sama. Pem-ba-gian \OT1/ptm/m/it/12 re-source \OT1/p
tm/m/n/12 ini bisa hanya mem-bagikan sta-
 []


Underfull \hbox (badness 1158) in paragraph at lines 18--22
\OT1/ptm/m/n/12 tus dari \OT1/ptm/m/it/12 re-source \OT1/ptm/m/n/12 terkait saj
a (\OT1/ptm/m/it/12 read only\OT1/ptm/m/n/12 ) atau juga bisa mem-berikan orang

 []


Underfull \hbox (badness 1057) in paragraph at lines 18--22
\OT1/ptm/m/n/12 lain ak-ses un-tuk melakukan kon-trol atau merubah sta-tus dari
 benda terkait.
 []


Underfull \hbox (badness 10000) in paragraph at lines 18--22
[]
 []


Underfull \hbox (badness 10000) in paragraph at lines 18--22

 []


Package Fancyhdr Warning: \headheight is too small (0.0pt): 
 Make it at least 14.49998pt.
 We now make it that large for the rest of the document.
 This may cause the page layout to be inconsistent, however.

[8]

Package Fancyhdr Warning: \headheight is too small (0.0pt): 
 Make it at least 14.49998pt.
 We now make it that large for the rest of the document.
 This may cause the page layout to be inconsistent, however.

[9] <pics/arsitektur-zigbee-gateway.PNG, id=468, 573.64313pt x 344.03531pt>
File: pics/arsitektur-zigbee-gateway.PNG Graphic file (type png)

<use pics/arsitektur-zigbee-gateway.PNG>
Package pdftex.def Info: pics/arsitektur-zigbee-gateway.PNG used on input line 
52.
(pdftex.def)             Requested size: 358.50229pt x 215.01103pt.


Package Fancyhdr Warning: \headheight is too small (0.0pt): 
 Make it at least 14.49998pt.
 We now make it that large for the rest of the document.
 This may cause the page layout to be inconsistent, however.

[10]
Underfull \hbox (badness 1147) in paragraph at lines 62--63
[]\OT1/ptm/m/n/12 MQTT di de-sain agar segala kom-plek-si-tas mekanisme pen-gi-
r-i-man pe-san
 []


Package Fancyhdr Warning: \headheight is too small (0.0pt): 
 Make it at least 14.49998pt.
 We now make it that large for the rest of the document.
 This may cause the page layout to be inconsistent, however.

[11 <D:/backup/Kuliah/Semester 8/TA/tugasAkhir/pics/arsitektur-zigbee-gateway.P
NG>]
Underfull \hbox (badness 1117) in paragraph at lines 68--69
[]\OT1/ptm/m/n/12 Ada tiga tipe dasar dalam konsep sis-tem pub-sub ini, yaitu \
OT1/ptm/m/it/12 topic-based
 []

<pics/mqtt-topic.PNG, id=492, 891.33pt x 214.8828pt>
File: pics/mqtt-topic.PNG Graphic file (type png)
 <use pics/mqtt-topic.PNG>
Package pdftex.def Info: pics/mqtt-topic.PNG used on input line 75.
(pdftex.def)             Requested size: 358.50229pt x 86.42702pt.


Package Fancyhdr Warning: \headheight is too small (0.0pt): 
 Make it at least 14.49998pt.
 We now make it that large for the rest of the document.
 This may cause the page layout to be inconsistent, however.

[12] <pics/single-level-wildcard.PNG, id=503, 691.383pt x 477.9456pt>
File: pics/single-level-wildcard.PNG Graphic file (type png)

<use pics/single-level-wildcard.PNG>
Package pdftex.def Info: pics/single-level-wildcard.PNG used on input line 84.
(pdftex.def)             Requested size: 358.50229pt x 247.82573pt.

<pics/multi-level-wildcard.PNG, id=506, 833.0322pt x 477.9456pt>
File: pics/multi-level-wildcard.PNG Graphic file (type png)

<use pics/multi-level-wildcard.PNG>
Package pdftex.def Info: pics/multi-level-wildcard.PNG used on input line 91.
(pdftex.def)             Requested size: 358.50229pt x 205.69492pt.
)

Package Fancyhdr Warning: \headheight is too small (0.0pt): 
 Make it at least 14.49998pt.
 We now make it that large for the rest of the document.
 This may cause the page layout to be inconsistent, however.

[13 <D:/backup/Kuliah/Semester 8/TA/tugasAkhir/pics/mqtt-topic.PNG> <D:/backup/
Kuliah/Semester 8/TA/tugasAkhir/pics/single-level-wildcard.PNG>]

Package Fancyhdr Warning: \headheight is too small (0.0pt): 
 Make it at least 14.49998pt.
 We now make it that large for the rest of the document.
 This may cause the page layout to be inconsistent, however.

[14 <D:/backup/Kuliah/Semester 8/TA/tugasAkhir/pics/multi-level-wildcard.PNG>]
("D:\backup\Kuliah\Semester 8\TA\tugasAkhir\bab3.tex"
BAB 3.

Package hyperref Warning: Token not allowed in a PDF string (PDFDocEncoding):
(hyperref)                removing `\uppercase' on input line 2.


Underfull \hbox (badness 10000) in paragraph at lines 4--5
[]
 []


Underfull \hbox (badness 10000) in paragraph at lines 4--5

 []

[15



])

Package Fancyhdr Warning: \headheight is too small (0.0pt): 
 Make it at least 14.49998pt.
 We now make it that large for the rest of the document.
 This may cause the page layout to be inconsistent, however.

[16] ("D:\backup\Kuliah\Semester 8\TA\tugasAkhir\bab4.tex"
BAB 4.

Package hyperref Warning: Token not allowed in a PDF string (PDFDocEncoding):
(hyperref)                removing `\uppercase' on input line 2.


Underfull \hbox (badness 10000) in paragraph at lines 4--5
[]
 []


Underfull \hbox (badness 10000) in paragraph at lines 4--5

 []


Underfull \hbox (badness 1484) in paragraph at lines 36--41
\OT1/ptm/m/n/12 Berkas ini berisi cara pe-meng-galan be-be-rapa kata dalam ba-h
asa In-done-sia.
 []


LaTeX Warning: Citation 'latex.intro' on page 17 undefined on input line 53.

[17



])

Package Fancyhdr Warning: \headheight is too small (0.0pt): 
 Make it at least 14.49998pt.
 We now make it that large for the rest of the document.
 This may cause the page layout to be inconsistent, however.

[18] ("D:\backup\Kuliah\Semester 8\TA\tugasAkhir\bab5.tex"
BAB 5.

Package hyperref Warning: Token not allowed in a PDF string (PDFDocEncoding):
(hyperref)                removing `\uppercase' on input line 2.


Underfull \hbox (badness 10000) in paragraph at lines 4--5
[]
 []


Underfull \hbox (badness 10000) in paragraph at lines 4--5

 []

LaTeX Font Info:    Font shape `OT1/ptm/bx/it' in size <12> not available
(Font)              Font shape `OT1/ptm/b/it' tried instead on input line 16.

LaTeX Warning: there is no bold Symbol font on input line 20.


Underfull \hbox (badness 10000) in paragraph at lines 21--22

 []


Overfull \hbox (27.94829pt too wide) in paragraph at lines 34--36
[] 
 []

[19



] <include.pdf, id=562, 597.51233pt x 845.0471pt>
File: include.pdf Graphic file (type pdf)
 <use include.pdf>
Package pdftex.def Info: include.pdf used on input line 57.
(pdftex.def)             Requested size: 597.51086pt x 845.04504pt.
File: include.pdf Graphic file (type pdf)

<use include.pdf>
Package pdftex.def Info: include.pdf used on input line 57.
(pdftex.def)             Requested size: 597.51086pt x 845.04504pt.


Package Fancyhdr Warning: \headheight is too small (0.0pt): 
 Make it at least 14.49998pt.
 We now make it that large for the rest of the document.
 This may cause the page layout to be inconsistent, however.

[20] <include.pdf, id=569, page=1, 597.51233pt x 845.0471pt>
File: include.pdf Graphic file (type pdf)

<use include.pdf, page 1>
Package pdftex.def Info: include.pdf, page1 used on input line 57.
(pdftex.def)             Requested size: 597.51086pt x 845.04504pt.
File: include.pdf Graphic file (type pdf)
 <use include.pdf, page 1>
Package pdftex.def Info: include.pdf, page1 used on input line 57.
(pdftex.def)             Requested size: 597.53821pt x 845.08372pt.
File: include.pdf Graphic file (type pdf)
 <use include.pdf, page 1>
Package pdftex.def Info: include.pdf, page1 used on input line 57.
(pdftex.def)             Requested size: 597.53821pt x 845.08372pt.
File: include.pdf Graphic file (type pdf)

<use include.pdf, page 1>
Package pdftex.def Info: include.pdf, page1 used on input line 57.
(pdftex.def)             Requested size: 597.53821pt x 845.08372pt.


Package Fancyhdr Warning: \headheight is too small (0.0pt): 
 Make it at least 14.49998pt.
 We now make it that large for the rest of the document.
 This may cause the page layout to be inconsistent, however.

File: include.pdf Graphic file (type pdf)
<use include.pdf, page 1>
Package pdftex.def Info: include.pdf, page1 used on input line 57.
(pdftex.def)             Requested size: 597.53821pt x 845.08372pt.
 [21 <D:/backup/Kuliah/Semester 8/TA/tugasAkhir/include.pdf>]
File: include.pdf Graphic file (type pdf)
 <use include.pdf>
Package pdftex.def Info: include.pdf used on input line 64.
(pdftex.def)             Requested size: 597.51086pt x 845.04504pt.
File: include.pdf Graphic file (type pdf)
 <use include.pdf>
Package pdftex.def Info: include.pdf used on input line 64.
(pdftex.def)             Requested size: 597.51086pt x 845.04504pt.


Package Fancyhdr Warning: \headheight is too small (0.0pt): 
 Make it at least 14.49998pt.
 We now make it that large for the rest of the document.
 This may cause the page layout to be inconsistent, however.

[22]
File: include.pdf Graphic file (type pdf)
 <use include.pdf, page 1>
Package pdftex.def Info: include.pdf, page1 used on input line 64.
(pdftex.def)             Requested size: 597.51086pt x 845.04504pt.
File: include.pdf Graphic file (type pdf)
 <use include.pdf, page 1>
Package pdftex.def Info: include.pdf, page1 used on input line 64.
(pdftex.def)             Requested size: 597.53821pt x 845.08372pt.
File: include.pdf Graphic file (type pdf)

<use include.pdf, page 1>
Package pdftex.def Info: include.pdf, page1 used on input line 64.
(pdftex.def)             Requested size: 597.53821pt x 845.08372pt.
File: include.pdf Graphic file (type pdf)
 <use include.pdf, page 1>
Package pdftex.def Info: include.pdf, page1 used on input line 64.
(pdftex.def)             Requested size: 597.53821pt x 845.08372pt.
File: include.pdf Graphic file (type pdf)
 <use include.pdf, page 1>
Package pdftex.def Info: include.pdf, page1 used on input line 64.
(pdftex.def)             Requested size: 597.53821pt x 845.08372pt.

[23])

Package Fancyhdr Warning: \headheight is too small (0.0pt): 
 Make it at least 14.49998pt.
 We now make it that large for the rest of the document.
 This may cause the page layout to be inconsistent, however.

[24] ("D:\backup\Kuliah\Semester 8\TA\tugasAkhir\bab6.tex"
BAB 6.

Package hyperref Warning: Token not allowed in a PDF string (PDFDocEncoding):
(hyperref)                removing `\uppercase' on input line 2.


Underfull \hbox (badness 10000) in paragraph at lines 4--5
[]
 []


Underfull \hbox (badness 10000) in paragraph at lines 4--5

 []

) [25



] ("D:\backup\Kuliah\Semester 8\TA\tugasAkhir\kesimpulan.tex"
BAB 7.

Package hyperref Warning: Token not allowed in a PDF string (PDFDocEncoding):
(hyperref)                removing `\uppercase' on input line 2.


Underfull \hbox (badness 10000) in paragraph at lines 5--6
[]
 []


Underfull \hbox (badness 10000) in paragraph at lines 5--6

 []

) [26



]
Missing character: There is no â in font ptmr7t!
Missing character: There is no € in font ptmr7t!
Missing character: There is no ” in font ptmr7t!
 [27


] ("D:\backup\Kuliah\Semester 8\TA\tugasAkhir\markLampiran.tex"pdfTeX warning (
ext4): destination with the same identifier (name{page.1}) has been already use
d, duplicate ignored
<to be read again> 
                   \relax 
l.13 \end{titlepage}
                     [1

])
("D:\backup\Kuliah\Semester 8\TA\tugasAkhir\lampiran.tex")pdfTeX warning (ext4)
: destination with the same identifier (name{page.2}) has been already used, du
plicate ignored
<to be read again> 
                   \relax 
l.116 	\include{lampiran}
                          [2



]
Package atveryend Info: Empty hook `BeforeClearDocument' on input line 120.
Package atveryend Info: Empty hook `AfterLastShipout' on input line 120.

("D:\backup\Kuliah\Semester 8\TA\tugasAkhir\thesis.aux"
("D:\backup\Kuliah\Semester 8\TA\tugasAkhir\sampul.aux")
("D:\backup\Kuliah\Semester 8\TA\tugasAkhir\judul_dalam.aux")
("D:\backup\Kuliah\Semester 8\TA\tugasAkhir\pengesahan.aux")
("D:\backup\Kuliah\Semester 8\TA\tugasAkhir\orisinal.aux")
("D:\backup\Kuliah\Semester 8\TA\tugasAkhir\pengesahan_sidang.aux")
("D:\backup\Kuliah\Semester 8\TA\tugasAkhir\pengantar.aux")
("D:\backup\Kuliah\Semester 8\TA\tugasAkhir\persetujuan_publikasi.aux")
("D:\backup\Kuliah\Semester 8\TA\tugasAkhir\abstrak.aux")
("D:\backup\Kuliah\Semester 8\TA\tugasAkhir\abstract.aux")
("D:\backup\Kuliah\Semester 8\TA\tugasAkhir\bab1.aux")
("D:\backup\Kuliah\Semester 8\TA\tugasAkhir\bab2.aux")
("D:\backup\Kuliah\Semester 8\TA\tugasAkhir\bab3.aux")
("D:\backup\Kuliah\Semester 8\TA\tugasAkhir\bab4.aux")
("D:\backup\Kuliah\Semester 8\TA\tugasAkhir\bab5.aux")
("D:\backup\Kuliah\Semester 8\TA\tugasAkhir\bab6.aux")
("D:\backup\Kuliah\Semester 8\TA\tugasAkhir\kesimpulan.aux")
("D:\backup\Kuliah\Semester 8\TA\tugasAkhir\markLampiran.aux")
("D:\backup\Kuliah\Semester 8\TA\tugasAkhir\lampiran.aux"))
Package atveryend Info: Executing hook `AtVeryEndDocument' on input line 120.
Package atveryend Info: Executing hook `AtEndAfterFileList' on input line 120.
Package rerunfilecheck Info: File `thesis.out' has not changed.
(rerunfilecheck)             Checksum: 533CBCE533A36A28ABF8645EA7D10A07;2996.


LaTeX Warning: There were undefined references.


Package biblatex Warning: Please (re)run BibTeX on the file(s):
(biblatex)                thesis
(biblatex)                and rerun LaTeX afterwards.

Package logreq Info: Writing requests to 'thesis.run.xml'.
Package atveryend Info: Empty hook `AtVeryVeryEnd' on input line 120.
 ) 
Here is how much of TeX's memory you used:
 14304 strings out of 493921
 227095 string characters out of 3144873
 433334 words of memory out of 3000000
 17060 multiletter control sequences out of 15000+200000
 43994 words of font info for 84 fonts, out of 3000000 for 9000
 911 hyphenation exceptions out of 8191
 44i,18n,49p,1688b,1042s stack positions out of 5000i,500n,10000p,200000b,50000s
{C:/Program Files (x86)/MiKTeX 2.9/fonts/enc/dvips/fontname/8r.enc}<C:/Progra
m Files (x86)/MiKTeX 2.9/fonts/type1/public/amsfonts/cm/cmex10.pfb><C:/Program 
Files (x86)/MiKTeX 2.9/fonts/type1/public/amsfonts/cmextra/cmex9.pfb><C:/Progra
m Files (x86)/MiKTeX 2.9/fonts/type1/public/amsfonts/cm/cmmi10.pfb><C:/Program 
Files (x86)/MiKTeX 2.9/fonts/type1/public/amsfonts/cm/cmr10.pfb><C:/Program Fil
es (x86)/MiKTeX 2.9/fonts/type1/public/amsfonts/cm/cmsy10.pfb><C:/Program Files
 (x86)/MiKTeX 2.9/fonts/type1/urw/courier/ucrr8a.pfb><C:/Program Files (x86)/Mi
KTeX 2.9/fonts/type1/urw/symbol/usyr.pfb><C:/Program Files (x86)/MiKTeX 2.9/fon
ts/type1/urw/times/utmb8a.pfb><C:/Program Files (x86)/MiKTeX 2.9/fonts/type1/ur
w/times/utmbi8a.pfb><C:/Program Files (x86)/MiKTeX 2.9/fonts/type1/urw/times/ut
mr8a.pfb><C:/Program Files (x86)/MiKTeX 2.9/fonts/type1/urw/times/utmri8a.pfb>
Output written on thesis.pdf (43 pages, 607465 bytes).
PDF statistics:
 687 PDF objects out of 1000 (max. 8388607)
 132 named destinations out of 1000 (max. 500000)
 450 words of extra memory for PDF output out of 10000 (max. 10000000)

